# JRE version: OpenJDK Runtime Environment 18.9 (11.0.11+9) (build 11.0.11+9)
# Java VM: OpenJDK 64-Bit Server VM 18.9 (11.0.11+9, mixed mode, tiered, compressed oops, g1 gc, windows-amd64)
Heap:
 garbage-first heap   total 262144K, used 180049K [0x0000000740000000, 0x0000000800000000)
  region size 1024K, 47 young (48128K), 1 survivors (1024K)
 Metaspace       used 114724K, capacity 118129K, committed 118448K, reserved 1150976K
  class space    used 15976K, capacity 17539K, committed 17664K, reserved 1048576K
GC Heap History (20 events):
Event: 708.618 GC heap before
{Heap before GC invocations=114 (full 6):
 garbage-first heap   total 262144K, used 154483K [0x0000000740000000, 0x0000000800000000)
  region size 1024K, 13 young (13312K), 1 survivors (1024K)
 Metaspace       used 114525K, capacity 117969K, committed 118064K, reserved 1150976K
  class space    used 15949K, capacity 17507K, committed 17536K, reserved 1048576K
}
Event: 708.622 GC heap after
{Heap after GC invocations=115 (full 6):
 garbage-first heap   total 262144K, used 131936K [0x0000000740000000, 0x0000000800000000)
  region size 1024K, 1 young (1024K), 1 survivors (1024K)
 Metaspace       used 114525K, capacity 117969K, committed 118064K, reserved 1150976K
  class space    used 15949K, capacity 17507K, committed 17536K, reserved 1048576K
}
Event: 711.842 GC heap before
{Heap before GC invocations=116 (full 6):
 garbage-first heap   total 262144K, used 140128K [0x0000000740000000, 0x0000000800000000)
  region size 1024K, 8 young (8192K), 1 survivors (1024K)
 Metaspace       used 114527K, capacity 117969K, committed 118064K, reserved 1150976K
  class space    used 15949K, capacity 17507K, committed 17536K, reserved 1048576K
}
Event: 711.846 GC heap after
{Heap after GC invocations=117 (full 6):
 garbage-first heap   total 262144K, used 128911K [0x0000000740000000, 0x0000000800000000)
  region size 1024K, 1 young (1024K), 1 survivors (1024K)
 Metaspace       used 114527K, capacity 117969K, committed 118064K, reserved 1150976K
  class space    used 15949K, capacity 17507K, committed 17536K, reserved 1048576K
}
Event: 712.179 GC heap before
{Heap before GC invocations=118 (full 6):
 garbage-first heap   total 262144K, used 154511K [0x0000000740000000, 0x0000000800000000)
  region size 1024K, 19 young (19456K), 1 survivors (1024K)
 Metaspace       used 114527K, capacity 117969K, committed 118064K, reserved 1150976K
  class space    used 15949K, capacity 17507K, committed 17536K, reserved 1048576K
}
Event: 712.183 GC heap after
{Heap after GC invocations=119 (full 6):
 garbage-first heap   total 262144K, used 135017K [0x0000000740000000, 0x0000000800000000)
  region size 1024K, 1 young (1024K), 1 survivors (1024K)
 Metaspace       used 114527K, capacity 117969K, committed 118064K, reserved 1150976K
  class space    used 15949K, capacity 17507K, committed 17536K, reserved 1048576K
}
Event: 712.420 GC heap before
{Heap before GC invocations=120 (full 6):
 garbage-first heap   total 262144K, used 162665K [0x0000000740000000, 0x0000000800000000)
  region size 1024K, 20 young (20480K), 1 survivors (1024K)
 Metaspace       used 114527K, capacity 117969K, committed 118064K, reserved 1150976K
  class space    used 15949K, capacity 17507K, committed 17536K, reserved 1048576K
}
Event: 712.424 GC heap after
{Heap after GC invocations=121 (full 6):
 garbage-first heap   total 262144K, used 136052K [0x0000000740000000, 0x0000000800000000)
  region size 1024K, 1 young (1024K), 1 survivors (1024K)
 Metaspace       used 114527K, capacity 117969K, committed 118064K, reserved 1150976K
  class space    used 15949K, capacity 17507K, committed 17536K, reserved 1048576K
}
Event: 712.655 GC heap before
{Heap before GC invocations=122 (full 6):
 garbage-first heap   total 262144K, used 151412K [0x0000000740000000, 0x0000000800000000)
  region size 1024K, 12 young (12288K), 1 survivors (1024K)
 Metaspace       used 114528K, capacity 117969K, committed 118064K, reserved 1150976K
  class space    used 15949K, capacity 17507K, committed 17536K, reserved 1048576K
}
Event: 712.659 GC heap after
{Heap after GC invocations=123 (full 6):
 garbage-first heap   total 262144K, used 131974K [0x0000000740000000, 0x0000000800000000)
  region size 1024K, 1 young (1024K), 1 survivors (1024K)
 Metaspace       used 114528K, capacity 117969K, committed 118064K, reserved 1150976K
  class space    used 15949K, capacity 17507K, committed 17536K, reserved 1048576K
}
Event: 712.919 GC heap before
{Heap before GC invocations=124 (full 6):
 garbage-first heap   total 262144K, used 150406K [0x0000000740000000, 0x0000000800000000)
  region size 1024K, 14 young (14336K), 1 survivors (1024K)
 Metaspace       used 114529K, capacity 117969K, committed 118064K, reserved 1150976K
  class space    used 15949K, capacity 17507K, committed 17536K, reserved 1048576K
}
Event: 712.923 GC heap after
{Heap after GC invocations=125 (full 6):
 garbage-first heap   total 262144K, used 132984K [0x0000000740000000, 0x0000000800000000)
  region size 1024K, 1 young (1024K), 1 survivors (1024K)
 Metaspace       used 114529K, capacity 117969K, committed 118064K, reserved 1150976K
  class space    used 15949K, capacity 17507K, committed 17536K, reserved 1048576K
}
Event: 713.149 GC heap before
{Heap before GC invocations=126 (full 6):
 garbage-first heap   total 262144K, used 166776K [0x0000000740000000, 0x0000000800000000)
  region size 1024K, 24 young (24576K), 1 survivors (1024K)
 Metaspace       used 114530K, capacity 117969K, committed 118064K, reserved 1150976K
  class space    used 15949K, capacity 17507K, committed 17536K, reserved 1048576K
}
Event: 713.153 GC heap after
{Heap after GC invocations=127 (full 6):
 garbage-first heap   total 262144K, used 138095K [0x0000000740000000, 0x0000000800000000)
  region size 1024K, 1 young (1024K), 1 survivors (1024K)
 Metaspace       used 114530K, capacity 117969K, committed 118064K, reserved 1150976K
  class space    used 15949K, capacity 17507K, committed 17536K, reserved 1048576K
}
Event: 714.158 GC heap before
{Heap before GC invocations=128 (full 6):
 garbage-first heap   total 262144K, used 168815K [0x0000000740000000, 0x0000000800000000)
  region size 1024K, 23 young (23552K), 1 survivors (1024K)
 Metaspace       used 114530K, capacity 117969K, committed 118064K, reserved 1150976K
  class space    used 15949K, capacity 17507K, committed 17536K, reserved 1048576K
}
Event: 714.162 GC heap after
{Heap after GC invocations=129 (full 6):
 garbage-first heap   total 262144K, used 136377K [0x0000000740000000, 0x0000000800000000)
  region size 1024K, 1 young (1024K), 1 survivors (1024K)
 Metaspace       used 114530K, capacity 117969K, committed 118064K, reserved 1150976K
  class space    used 15949K, capacity 17507K, committed 17536K, reserved 1048576K
}
Event: 716.500 GC heap before
{Heap before GC invocations=130 (full 6):
 garbage-first heap   total 262144K, used 148665K [0x0000000740000000, 0x0000000800000000)
  region size 1024K, 11 young (11264K), 1 survivors (1024K)
 Metaspace       used 114583K, capacity 117969K, committed 118064K, reserved 1150976K
  class space    used 15953K, capacity 17507K, committed 17536K, reserved 1048576K
}
Event: 716.504 GC heap after
{Heap after GC invocations=131 (full 6):
 garbage-first heap   total 262144K, used 130820K [0x0000000740000000, 0x0000000800000000)
  region size 1024K, 1 young (1024K), 1 survivors (1024K)
 Metaspace       used 114583K, capacity 117969K, committed 118064K, reserved 1150976K
  class space    used 15953K, capacity 17507K, committed 17536K, reserved 1048576K
}
Event: 719.489 GC heap before
{Heap before GC invocations=132 (full 6):
 garbage-first heap   total 262144K, used 198404K [0x0000000740000000, 0x0000000800000000)
  region size 1024K, 60 young (61440K), 1 survivors (1024K)
 Metaspace       used 114584K, capacity 117969K, committed 118064K, reserved 1150976K
  class space    used 15953K, capacity 17507K, committed 17536K, reserved 1048576K
}
Event: 719.493 GC heap after
{Heap after GC invocations=133 (full 6):
 garbage-first heap   total 262144K, used 133969K [0x0000000740000000, 0x0000000800000000)
  region size 1024K, 1 young (1024K), 1 survivors (1024K)
 Metaspace       used 114584K, capacity 117969K, committed 118064K, reserved 1150976K
  class space    used 15953K, capacity 17507K, committed 17536K, reserved 1048576K
}

